<?xml version="1.0" encoding="UTF-8"?>
<!-- Generated by org.testng.reporters.JUnitXMLReporter -->
<testsuite ignored="0" hostname="DESKTOP-EHVS00V" failures="2" tests="4" name="Surefire test" time="3.562" errors="0" timestamp="12 Mar. 2024 19:30:22 GMT">
  <testcase classname="api.test.UserTests" name="testCreateUser" time="1.98">
    <failure type="java.lang.AssertionError" message="expected [200] but found [500]">
      <![CDATA[java.lang.AssertionError: expected [200] but found [500]
	at api.test.UserTests.testCreateUser(UserTests.java:46)
... Removed 36 stack frames]]>
    </failure>
  </testcase> <!-- testCreateUser -->
  <testcase classname="api.test.UserTests" name="testGetUser" time="0.139">
    <failure type="java.lang.AssertionError" message="expected [200] but found [404]">
      <![CDATA[java.lang.AssertionError: expected [200] but found [404]
	at api.test.UserTests.testGetUser(UserTests.java:55)
... Removed 36 stack frames]]>
    </failure>
  </testcase> <!-- testGetUser -->
  <testcase classname="api.test.UserTests" name="testUpdateUser" time="0.266"/>
  <testcase classname="api.test.UserTests" name="testDeleteUser" time="0.124"/>
</testsuite> <!-- Surefire test -->
